info: ::1 - - [16/Jul/2024:04:05:18 +0000] "POST /api/v1/users/auth HTTP/1.1" 500 46 "-" "PostmanRuntime/7.39.0"

info: ::1 - - [16/Jul/2024:04:06:57 +0000] "POST /api/v1/users/auth HTTP/1.1" 404 49 "-" "PostmanRuntime/7.39.0"

info: ::1 - - [16/Jul/2024:04:08:30 +0000] "POST /api/v1/users/auth HTTP/1.1" 401 51 "-" "PostmanRuntime/7.39.0"

info: ::1 - - [16/Jul/2024:04:10:23 +0000] "POST /api/v1/users/auth HTTP/1.1" 401 51 "-" "PostmanRuntime/7.39.0"

info: ::1 - - [16/Jul/2024:04:12:31 +0000] "POST /api/v1/users/auth HTTP/1.1" 401 51 "-" "PostmanRuntime/7.39.0"

info: ::1 - - [16/Jul/2024:04:13:24 +0000] "POST /api/v1/users/auth HTTP/1.1" 401 51 "-" "PostmanRuntime/7.39.0"

info: ::1 - - [16/Jul/2024:04:14:22 +0000] "POST /api/v1/users/auth HTTP/1.1" 401 51 "-" "PostmanRuntime/7.39.0"

info: ::1 - - [16/Jul/2024:04:14:36 +0000] "POST /api/v1/users/auth HTTP/1.1" 401 51 "-" "PostmanRuntime/7.39.0"

info: ::1 - - [16/Jul/2024:04:16:53 +0000] "POST /api/v1/users/auth HTTP/1.1" 401 51 "-" "PostmanRuntime/7.39.0"

info: ::1 - - [16/Jul/2024:04:17:29 +0000] "POST /api/v1/users/auth HTTP/1.1" 401 51 "-" "PostmanRuntime/7.39.0"

info: ::1 - - [16/Jul/2024:04:22:23 +0000] "POST /api/v1/users/auth HTTP/1.1" 401 51 "-" "PostmanRuntime/7.39.0"

info: ::1 - - [16/Jul/2024:04:29:22 +0000] "POST /api/v1/users/auth HTTP/1.1" 500 46 "-" "PostmanRuntime/7.39.0"

info: ::1 - - [16/Jul/2024:04:29:58 +0000] "POST /api/v1/users/auth HTTP/1.1" 401 51 "-" "PostmanRuntime/7.39.0"

info: ::1 - - [16/Jul/2024:04:54:58 +0000] "POST /api/v1/users/auth HTTP/1.1" 401 51 "-" "PostmanRuntime/7.39.0"

info: ::1 - - [16/Jul/2024:06:11:40 +0000] "POST /api/v1/login HTTP/1.1" 404 47 "-" "PostmanRuntime/7.39.0"

info: ::1 - - [16/Jul/2024:06:12:22 +0000] "GET /api/v1/ HTTP/1.1" 200 29 "-" "PostmanRuntime/7.39.0"

info: ::1 - - [16/Jul/2024:06:13:01 +0000] "POST /api/v1/login HTTP/1.1" 404 47 "-" "PostmanRuntime/7.39.0"

info: ::1 - - [16/Jul/2024:06:14:18 +0000] "POST /api/v1/users/login HTTP/1.1" 404 2 "-" "PostmanRuntime/7.39.0"

info: ::1 - - [16/Jul/2024:06:14:28 +0000] "POST /api/v1/users/login HTTP/1.1" 404 2 "-" "PostmanRuntime/7.39.0"

info: ::1 - - [16/Jul/2024:06:14:34 +0000] "POST /api/v1/users/login HTTP/1.1" 404 2 "-" "PostmanRuntime/7.39.0"

info: ::1 - - [16/Jul/2024:06:15:37 +0000] "POST /api/v1/users/login HTTP/1.1" 404 48 "-" "PostmanRuntime/7.39.0"

info: ::1 - - [16/Jul/2024:06:15:47 +0000] "GET /api/v1/users/ HTTP/1.1" 404 47 "-" "PostmanRuntime/7.39.0"

info: ::1 - - [16/Jul/2024:06:16:03 +0000] "POST /api/v1/users HTTP/1.1" 409 54 "-" "PostmanRuntime/7.39.0"

info: ::1 - - [16/Jul/2024:06:16:22 +0000] "POST /api/v1/users/login HTTP/1.1" 400 49 "-" "PostmanRuntime/7.39.0"

info: ::1 - - [16/Jul/2024:06:17:31 +0000] "POST /api/v1/users/login HTTP/1.1" 400 49 "-" "PostmanRuntime/7.39.0"

info: ::1 - - [16/Jul/2024:06:17:41 +0000] "POST /api/v1/users/login HTTP/1.1" 400 49 "-" "PostmanRuntime/7.39.0"

info: ::1 - - [16/Jul/2024:06:17:56 +0000] "POST /api/v1/users HTTP/1.1" 409 54 "-" "PostmanRuntime/7.39.0"

info: ::1 - - [16/Jul/2024:06:18:18 +0000] "POST /api/v1/users HTTP/1.1" 201 285 "-" "PostmanRuntime/7.39.0"

info: ::1 - - [16/Jul/2024:06:18:32 +0000] "POST /api/v1/users/login HTTP/1.1" 200 282 "-" "PostmanRuntime/7.39.0"

info: ::1 - - [16/Jul/2024:06:18:55 +0000] "POST /api/v1/users/login HTTP/1.1" 400 49 "-" "PostmanRuntime/7.39.0"

info: ::1 - - [16/Jul/2024:06:19:03 +0000] "POST /api/v1/users/login HTTP/1.1" 200 282 "-" "PostmanRuntime/7.39.0"

info: ::1 - - [16/Jul/2024:09:21:05 +0000] "POST /api/v1/users/forgotPassword HTTP/1.1" 500 50 "-" "PostmanRuntime/7.39.0"

info: ::1 - - [16/Jul/2024:09:21:51 +0000] "POST /api/v1/users/forgotPassword HTTP/1.1" 200 62 "-" "PostmanRuntime/7.39.0"

info: ::1 - - [16/Jul/2024:09:23:45 +0000] "POST /api/v1/users/forgotPassword HTTP/1.1" 500 50 "-" "PostmanRuntime/7.39.0"

info: ::1 - - [16/Jul/2024:09:24:04 +0000] "POST /api/v1/users HTTP/1.1" 500 46 "-" "PostmanRuntime/7.39.0"

info: ::1 - - [16/Jul/2024:09:26:32 +0000] "POST /api/v1/users HTTP/1.1" 500 46 "-" "PostmanRuntime/7.39.0"

info: ::1 - - [16/Jul/2024:09:26:44 +0000] "POST /api/v1/users/forgotPassword HTTP/1.1" 500 50 "-" "PostmanRuntime/7.39.0"

info: ::1 - - [16/Jul/2024:09:26:51 +0000] "POST /api/v1/users/forgotPassword HTTP/1.1" 500 50 "-" "PostmanRuntime/7.39.0"

info: ::1 - - [16/Jul/2024:09:27:48 +0000] "GET /api/v1/ HTTP/1.1" 200 29 "-" "PostmanRuntime/7.39.0"

info: ::1 - - [16/Jul/2024:09:28:00 +0000] "POST /api/v1/users/login HTTP/1.1" 500 40 "-" "PostmanRuntime/7.39.0"

info: ::1 - - [16/Jul/2024:09:28:24 +0000] "POST /api/v1/users HTTP/1.1" 201 285 "-" "PostmanRuntime/7.39.0"

info: ::1 - - [16/Jul/2024:09:28:35 +0000] "POST /api/v1/users/login HTTP/1.1" 500 40 "-" "PostmanRuntime/7.39.0"

info: ::1 - - [16/Jul/2024:09:29:11 +0000] "POST /api/v1/users/login HTTP/1.1" 500 40 "-" "PostmanRuntime/7.39.0"

info: ::1 - - [16/Jul/2024:09:29:25 +0000] "POST /api/v1/users/forgotPassword HTTP/1.1" 200 62 "-" "PostmanRuntime/7.39.0"

info: ::1 - - [16/Jul/2024:09:29:29 +0000] "POST /api/v1/users/forgotPassword HTTP/1.1" 200 62 "-" "PostmanRuntime/7.39.0"

info: ::1 - - [16/Jul/2024:09:47:35 +0000] "POST /api/v1/users HTTP/1.1" 201 286 "-" "PostmanRuntime/7.39.0"

info: ::1 - - [16/Jul/2024:09:47:50 +0000] "POST /api/v1/users/login HTTP/1.1" 500 40 "-" "PostmanRuntime/7.39.0"

info: ::1 - - [16/Jul/2024:09:48:21 +0000] "POST /api/v1/users/login HTTP/1.1" 500 40 "-" "PostmanRuntime/7.39.0"

info: ::1 - - [16/Jul/2024:09:50:14 +0000] "POST /api/v1/users/login HTTP/1.1" 500 40 "-" "PostmanRuntime/7.39.0"

info: ::1 - - [16/Jul/2024:09:50:33 +0000] "POST /api/v1/users HTTP/1.1" 409 54 "-" "PostmanRuntime/7.39.0"

info: ::1 - - [16/Jul/2024:09:50:41 +0000] "POST /api/v1/users HTTP/1.1" 201 286 "-" "PostmanRuntime/7.39.0"

info: ::1 - - [16/Jul/2024:09:50:53 +0000] "POST /api/v1/users/login HTTP/1.1" 500 40 "-" "PostmanRuntime/7.39.0"

info: ::1 - - [16/Jul/2024:09:54:53 +0000] "POST /api/v1/users HTTP/1.1" 201 282 "-" "PostmanRuntime/7.39.0"

info: ::1 - - [16/Jul/2024:09:55:22 +0000] "POST /api/v1/users/login HTTP/1.1" 500 40 "-" "PostmanRuntime/7.39.0"

info: ::1 - - [16/Jul/2024:09:57:18 +0000] "POST /api/v1/users/login HTTP/1.1" 500 40 "-" "PostmanRuntime/7.39.0"

info: ::1 - - [16/Jul/2024:09:57:55 +0000] "POST /api/v1/users/login HTTP/1.1" 500 40 "-" "PostmanRuntime/7.39.0"

info: ::1 - - [16/Jul/2024:09:59:56 +0000] "POST /api/v1/users/login HTTP/1.1" 500 40 "-" "PostmanRuntime/7.39.0"

info: ::1 - - [16/Jul/2024:10:00:13 +0000] "POST /api/v1/users/login HTTP/1.1" 500 40 "-" "PostmanRuntime/7.39.0"

info: ::1 - - [16/Jul/2024:10:04:48 +0000] "POST /api/v1/users/login HTTP/1.1" 200 288 "-" "PostmanRuntime/7.39.0"

info: ::1 - - [16/Jul/2024:10:04:55 +0000] "POST /api/v1/users/login HTTP/1.1" 200 288 "-" "PostmanRuntime/7.39.0"

info: ::1 - - [16/Jul/2024:10:14:21 +0000] "POST /api/v1/users/login HTTP/1.1" 202 171 "-" "PostmanRuntime/7.39.0"

info: ::1 - - [16/Jul/2024:10:21:58 +0000] "POST /api/v1/users/forgotPassword HTTP/1.1" 200 62 "-" "PostmanRuntime/7.39.0"

info: ::1 - - [16/Jul/2024:10:25:03 +0000] "POST /api/v1/users/forgotPassword HTTP/1.1" 200 62 "-" "PostmanRuntime/7.39.0"

info: ::1 - - [16/Jul/2024:10:29:02 +0000] "POST /api/v1/users/login HTTP/1.1" 202 171 "-" "PostmanRuntime/7.39.0"

info: ::1 - - [16/Jul/2024:10:31:31 +0000] "POST /api/v1/users/login HTTP/1.1" 202 157 "-" "PostmanRuntime/7.39.0"

info: ::1 - - [16/Jul/2024:10:33:55 +0000] "POST /api/v1/users/login HTTP/1.1" 202 191 "-" "PostmanRuntime/7.39.0"

info: ::1 - - [16/Jul/2024:10:36:40 +0000] "POST /api/v1/users/forgotPassword HTTP/1.1" 200 62 "-" "PostmanRuntime/7.39.0"

info: ::1 - - [16/Jul/2024:10:36:48 +0000] "POST /api/v1/users/forgotPassword HTTP/1.1" 200 62 "-" "PostmanRuntime/7.39.0"

info: ::1 - - [16/Jul/2024:10:37:17 +0000] "POST /api/v1/users/forgotPassword HTTP/1.1" 200 200 "-" "PostmanRuntime/7.39.0"

info: ::1 - - [16/Jul/2024:10:43:40 +0000] "POST /api/v1/users/forgotPassword HTTP/1.1" 200 200 "-" "PostmanRuntime/7.39.0"

info: ::1 - - [16/Jul/2024:13:53:44 +0000] "POST /api/v1/users/forgotPassword HTTP/1.1" 200 200 "-" "PostmanRuntime/7.39.0"

info: ::1 - - [16/Jul/2024:13:53:47 +0000] "POST /api/v1/users/forgotPassword HTTP/1.1" 200 200 "-" "PostmanRuntime/7.39.0"

info: ::1 - - [16/Jul/2024:13:53:51 +0000] "POST /api/v1/users/forgotPassword HTTP/1.1" 200 200 "-" "PostmanRuntime/7.39.0"

info: ::1 - - [16/Jul/2024:13:53:52 +0000] "POST /api/v1/users/forgotPassword HTTP/1.1" 200 200 "-" "PostmanRuntime/7.39.0"

info: ::1 - - [16/Jul/2024:13:53:54 +0000] "POST /api/v1/users/forgotPassword HTTP/1.1" 200 200 "-" "PostmanRuntime/7.39.0"

info: ::1 - - [16/Jul/2024:15:52:09 +0000] "POST /api/v1/users/resetPass HTTP/1.1" 404 47 "-" "PostmanRuntime/7.39.0"

info: ::1 - - [16/Jul/2024:15:52:45 +0000] "GET /api/v1/ HTTP/1.1" 200 29 "-" "PostmanRuntime/7.39.0"

info: ::1 - - [16/Jul/2024:15:52:50 +0000] "POST /api/v1/users HTTP/1.1" 409 54 "-" "PostmanRuntime/7.39.0"

info: ::1 - - [16/Jul/2024:15:53:02 +0000] "POST /api/v1/users/forgotPassword HTTP/1.1" 200 200 "-" "PostmanRuntime/7.39.0"

info: ::1 - - [16/Jul/2024:15:54:37 +0000] "POST /api/v1/users/resetPass HTTP/1.1" 404 47 "-" "PostmanRuntime/7.39.0"

info: ::1 - - [16/Jul/2024:15:58:25 +0000] "POST /api/v1/users/resetPass HTTP/1.1" 404 47 "-" "PostmanRuntime/7.39.0"

info: ::1 - - [16/Jul/2024:16:00:29 +0000] "POST /api/v1/users/resetPass HTTP/1.1" 404 47 "-" "PostmanRuntime/7.39.0"

info: ::1 - - [16/Jul/2024:16:08:45 +0000] "POST /api/v1/users/resetPassword HTTP/1.1" 401 38 "-" "PostmanRuntime/7.39.0"

info: ::1 - - [16/Jul/2024:16:09:38 +0000] "POST /api/v1/users/resetPassword HTTP/1.1" 401 38 "-" "PostmanRuntime/7.39.0"

info: ::1 - - [16/Jul/2024:16:12:29 +0000] "POST /api/v1/users/resetPassword HTTP/1.1" 401 38 "-" "PostmanRuntime/7.39.0"

info: ::1 - - [16/Jul/2024:16:12:51 +0000] "POST /api/v1/users HTTP/1.1" 201 283 "-" "PostmanRuntime/7.39.0"

info: ::1 - - [16/Jul/2024:16:13:21 +0000] "POST /api/v1/users/login HTTP/1.1" 202 214 "-" "PostmanRuntime/7.39.0"

info: ::1 - - [16/Jul/2024:16:14:02 +0000] "POST /api/v1/users/resetPassword HTTP/1.1" 401 38 "-" "PostmanRuntime/7.39.0"

info: ::1 - - [16/Jul/2024:16:44:50 +0000] "POST /api/v1/users/resetPassword HTTP/1.1" 401 38 "-" "PostmanRuntime/7.39.0"

info: ::1 - - [16/Jul/2024:16:47:35 +0000] "POST /api/v1/users/resetPassword HTTP/1.1" 401 38 "-" "PostmanRuntime/7.39.0"

info: ::1 - - [16/Jul/2024:16:47:55 +0000] "POST /api/v1/users/resetPassword HTTP/1.1" 401 38 "-" "PostmanRuntime/7.39.0"

info: ::1 - - [16/Jul/2024:16:59:23 +0000] "POST /api/v1/users/resetPassword HTTP/1.1" 401 38 "-" "PostmanRuntime/7.39.0"

info: ::1 - - [16/Jul/2024:17:15:37 +0000] "POST /api/v1/users/resetPassword HTTP/1.1" 401 38 "-" "PostmanRuntime/7.39.0"

info: ::1 - - [16/Jul/2024:17:26:47 +0000] "POST /api/v1/users/resetPassword HTTP/1.1" 401 38 "-" "PostmanRuntime/7.39.0"

info: ::1 - - [16/Jul/2024:17:29:43 +0000] "POST /api/v1/users/resetPassword HTTP/1.1" 401 38 "-" "PostmanRuntime/7.39.0"

info: ::1 - - [16/Jul/2024:17:29:54 +0000] "POST /api/v1/users/login HTTP/1.1" 202 214 "-" "PostmanRuntime/7.39.0"

info: ::1 - - [16/Jul/2024:17:30:25 +0000] "POST /api/v1/users/resetPassword HTTP/1.1" 401 38 "-" "PostmanRuntime/7.39.0"

info: ::1 - - [16/Jul/2024:17:32:00 +0000] "POST /api/v1/users/login HTTP/1.1" 202 214 "-" "PostmanRuntime/7.39.0"

info: ::1 - - [16/Jul/2024:17:32:57 +0000] "POST /api/v1/users/resetPassword HTTP/1.1" 401 38 "-" "PostmanRuntime/7.39.0"

info: ::1 - - [16/Jul/2024:17:37:16 +0000] "POST /api/v1/users/resetPassword HTTP/1.1" 401 38 "-" "PostmanRuntime/7.39.0"

info: ::1 - - [16/Jul/2024:17:37:47 +0000] "POST /api/v1/users/resetPassword HTTP/1.1" 401 38 "-" "PostmanRuntime/7.39.0"

info: ::1 - - [16/Jul/2024:17:37:50 +0000] "POST /api/v1/users/resetPassword HTTP/1.1" 401 38 "-" "PostmanRuntime/7.39.0"

info: ::1 - - [16/Jul/2024:17:40:28 +0000] "POST /api/v1/users/resetPassword HTTP/1.1" 401 38 "-" "PostmanRuntime/7.39.0"

info: ::1 - - [16/Jul/2024:17:48:26 +0000] "POST /api/v1/users/resetPassword HTTP/1.1" 401 38 "-" "PostmanRuntime/7.39.0"

info: ::1 - - [16/Jul/2024:17:51:08 +0000] "POST /api/v1/users/resetPassword HTTP/1.1" 401 38 "-" "PostmanRuntime/7.39.0"

info: ::1 - - [16/Jul/2024:17:51:17 +0000] "POST /api/v1/users/resetPassword HTTP/1.1" 401 38 "-" "PostmanRuntime/7.39.0"

