info: ::1 - - [16/Jul/2024:19:40:01 +0000] "GET /api/v1/ HTTP/1.1" 200 29 "-" "PostmanRuntime/7.39.0"

info: ::1 - - [16/Jul/2024:19:41:24 +0000] "GET /api/v1/notes HTTP/1.1" 500 45 "-" "PostmanRuntime/7.39.0"

info: ::1 - - [16/Jul/2024:19:44:34 +0000] "POST /api/v1/notes/ HTTP/1.1" 500 44 "-" "PostmanRuntime/7.39.0"

info: ::1 - - [16/Jul/2024:19:45:45 +0000] "POST /api/v1/notes HTTP/1.1" 500 44 "-" "PostmanRuntime/7.39.0"

info: ::1 - - [16/Jul/2024:19:45:58 +0000] "POST /api/v1/notes HTTP/1.1" 500 44 "-" "PostmanRuntime/7.39.0"

info: ::1 - - [16/Jul/2024:19:58:57 +0000] "POST /api/v1/notes HTTP/1.1" 500 44 "-" "PostmanRuntime/7.39.0"

info: ::1 - - [16/Jul/2024:20:00:29 +0000] "POST /api/v1/notes HTTP/1.1" 500 44 "-" "PostmanRuntime/7.39.0"

info: ::1 - - [16/Jul/2024:20:13:11 +0000] "POST /api/v1/notes HTTP/1.1" 201 229 "-" "PostmanRuntime/7.39.0"

info: ::1 - - [16/Jul/2024:20:13:47 +0000] "POST /api/v1/notes HTTP/1.1" 201 218 "-" "PostmanRuntime/7.39.0"

info: ::1 - - [16/Jul/2024:20:14:01 +0000] "POST /api/v1/notes HTTP/1.1" 201 218 "-" "PostmanRuntime/7.39.0"

info: ::1 - - [16/Jul/2024:20:14:09 +0000] "GET /api/v1/notes HTTP/1.1" 200 543 "-" "PostmanRuntime/7.39.0"

info: ::1 - - [16/Jul/2024:20:16:57 +0000] "GET /api/v1/notes/1 HTTP/1.1" 200 218 "-" "PostmanRuntime/7.39.0"

info: ::1 - - [16/Jul/2024:20:27:03 +0000] "PUT /api/v1/notes/1 HTTP/1.1" 200 160 "-" "PostmanRuntime/7.39.0"

info: ::1 - - [16/Jul/2024:20:27:26 +0000] "GET /api/v1/notes HTTP/1.1" 200 535 "-" "PostmanRuntime/7.39.0"

info: ::1 - - [17/Jul/2024:04:06:15 +0000] "GET /api/v1/ HTTP/1.1" 200 29 "-" "PostmanRuntime/7.39.0"

info: ::1 - - [17/Jul/2024:04:06:19 +0000] "GET /api/v1/notes HTTP/1.1" 200 535 "-" "PostmanRuntime/7.39.0"

info: ::1 - - [17/Jul/2024:04:06:34 +0000] "POST /api/v1/notes HTTP/1.1" 201 218 "-" "PostmanRuntime/7.39.0"

info: ::1 - - [17/Jul/2024:04:07:15 +0000] "POST /api/v1/notes HTTP/1.1" 201 221 "-" "PostmanRuntime/7.39.0"

info: ::1 - - [17/Jul/2024:04:07:29 +0000] "GET /api/v1/notes/1 HTTP/1.1" 200 210 "-" "PostmanRuntime/7.39.0"

info: ::1 - - [17/Jul/2024:04:07:37 +0000] "GET /api/v1/notes/5 HTTP/1.1" 200 221 "-" "PostmanRuntime/7.39.0"

info: ::1 - - [17/Jul/2024:04:07:42 +0000] "GET /api/v1/notes/8 HTTP/1.1" 404 49 "-" "PostmanRuntime/7.39.0"

info: ::1 - - [17/Jul/2024:04:07:56 +0000] "PUT /api/v1/notes/1 HTTP/1.1" 200 215 "-" "PostmanRuntime/7.39.0"

info: ::1 - - [17/Jul/2024:04:08:01 +0000] "PUT /api/v1/notes/9 HTTP/1.1" 404 49 "-" "PostmanRuntime/7.39.0"

info: ::1 - - [17/Jul/2024:04:17:19 +0000] "POST /api/v1/notes HTTP/1.1" 201 191 "-" "PostmanRuntime/7.39.0"

info: ::1 - - [17/Jul/2024:04:19:02 +0000] "POST /api/v1/notes HTTP/1.1" 500 54 "-" "PostmanRuntime/7.39.0"

info: ::1 - - [17/Jul/2024:04:19:34 +0000] "POST /api/v1/notes HTTP/1.1" 201 192 "-" "PostmanRuntime/7.39.0"

info: ::1 - - [17/Jul/2024:04:19:37 +0000] "POST /api/v1/notes HTTP/1.1" 500 54 "-" "PostmanRuntime/7.39.0"

info: ::1 - - [17/Jul/2024:04:20:13 +0000] "POST /api/v1/notes HTTP/1.1" 500 54 "-" "PostmanRuntime/7.39.0"

info: ::1 - - [17/Jul/2024:04:21:00 +0000] "POST /api/v1/notes HTTP/1.1" 500 54 "-" "PostmanRuntime/7.39.0"

info: ::1 - - [17/Jul/2024:04:21:17 +0000] "POST /api/v1/notes HTTP/1.1" 500 54 "-" "PostmanRuntime/7.39.0"

info: ::1 - - [17/Jul/2024:04:21:46 +0000] "POST /api/v1/notes HTTP/1.1" 500 54 "-" "PostmanRuntime/7.39.0"

info: ::1 - - [17/Jul/2024:04:21:56 +0000] "POST /api/v1/notes HTTP/1.1" 500 54 "-" "PostmanRuntime/7.39.0"

info: ::1 - - [17/Jul/2024:04:22:23 +0000] "POST /api/v1/notes HTTP/1.1" 500 54 "-" "PostmanRuntime/7.39.0"

info: ::1 - - [17/Jul/2024:04:23:04 +0000] "POST /api/v1/notes HTTP/1.1" 201 192 "-" "PostmanRuntime/7.39.0"

info: ::1 - - [17/Jul/2024:04:23:06 +0000] "POST /api/v1/notes HTTP/1.1" 201 192 "-" "PostmanRuntime/7.39.0"

info: ::1 - - [17/Jul/2024:04:33:47 +0000] "PUT /api/v1/notes/9 HTTP/1.1" 500 54 "-" "PostmanRuntime/7.39.0"

info: ::1 - - [17/Jul/2024:04:35:25 +0000] "PUT /api/v1/notes/9 HTTP/1.1" 500 54 "-" "PostmanRuntime/7.39.0"

info: ::1 - - [17/Jul/2024:04:36:02 +0000] "PUT /api/v1/notes/9 HTTP/1.1" 200 196 "-" "PostmanRuntime/7.39.0"

info: ::1 - - [17/Jul/2024:04:36:08 +0000] "PUT /api/v1/notes/10 HTTP/1.1" 404 49 "-" "PostmanRuntime/7.39.0"

info: ::1 - - [17/Jul/2024:04:37:07 +0000] "PUT /api/v1/notes/9 HTTP/1.1" 200 196 "-" "PostmanRuntime/7.39.0"

info: ::1 - - [17/Jul/2024:04:37:23 +0000] "PUT /api/v1/notes/9 HTTP/1.1" 200 196 "-" "PostmanRuntime/7.39.0"

info: ::1 - - [17/Jul/2024:04:38:45 +0000] "GET /api/v1/notes/8 HTTP/1.1" 200 192 "-" "PostmanRuntime/7.39.0"

info: ::1 - - [17/Jul/2024:04:40:55 +0000] "DELETE /api/v1/notes/8 HTTP/1.1" 200 60 "-" "PostmanRuntime/7.39.0"

info: ::1 - - [17/Jul/2024:04:40:58 +0000] "DELETE /api/v1/notes/8 HTTP/1.1" 404 49 "-" "PostmanRuntime/7.39.0"

info: ::1 - - [17/Jul/2024:04:55:01 +0000] "POST /api/v1/users/resetPassword HTTP/1.1" 401 38 "-" "PostmanRuntime/7.39.0"

info: ::1 - - [17/Jul/2024:04:57:31 +0000] "POST /api/v1/users/login HTTP/1.1" 202 214 "-" "PostmanRuntime/7.39.0"

info: ::1 - - [17/Jul/2024:04:58:10 +0000] "POST /api/v1/users/resetPassword HTTP/1.1" 200 62 "-" "PostmanRuntime/7.39.0"

info: ::1 - - [17/Jul/2024:05:13:57 +0000] "POST /api/v1/users/resetPassword HTTP/1.1" 200 62 "-" "PostmanRuntime/7.39.0"

info: ::1 - - [17/Jul/2024:05:14:12 +0000] "POST /api/v1/users/resetPassword HTTP/1.1" 500 59 "-" "PostmanRuntime/7.39.0"

info: ::1 - - [17/Jul/2024:05:16:54 +0000] "POST /api/v1/users/resetPassword HTTP/1.1" 500 59 "-" "PostmanRuntime/7.39.0"

info: ::1 - - [17/Jul/2024:05:17:45 +0000] "POST /api/v1/users/resetPassword HTTP/1.1" 500 59 "-" "PostmanRuntime/7.39.0"

info: ::1 - - [17/Jul/2024:05:18:28 +0000] "POST /api/v1/users/resetPassword HTTP/1.1" 200 62 "-" "PostmanRuntime/7.39.0"

info: ::1 - - [17/Jul/2024:05:18:39 +0000] "POST /api/v1/users/resetPassword HTTP/1.1" 500 59 "-" "PostmanRuntime/7.39.0"

info: ::1 - - [17/Jul/2024:05:18:44 +0000] "POST /api/v1/users/resetPassword HTTP/1.1" 200 62 "-" "PostmanRuntime/7.39.0"

info: ::1 - - [17/Jul/2024:05:27:12 +0000] "POST /api/v1/users/forgotPassword HTTP/1.1" 200 200 "-" "PostmanRuntime/7.39.0"

info: ::1 - - [17/Jul/2024:05:27:53 +0000] "POST /api/v1/users/resetPassword HTTP/1.1" 200 62 "-" "PostmanRuntime/7.39.0"

info: ::1 - - [17/Jul/2024:05:32:14 +0000] "POST /api/v1/notes HTTP/1.1" 201 195 "-" "PostmanRuntime/7.39.0"

info: ::1 - - [17/Jul/2024:05:32:37 +0000] "POST /api/v1/users/login HTTP/1.1" 202 213 "-" "PostmanRuntime/7.39.0"

info: ::1 - - [17/Jul/2024:05:33:12 +0000] "POST /api/v1/notes HTTP/1.1" 201 194 "-" "PostmanRuntime/7.39.0"

info: ::1 - - [17/Jul/2024:05:33:21 +0000] "GET /api/v1/notes HTTP/1.1" 200 1548 "-" "PostmanRuntime/7.39.0"

info: ::1 - - [17/Jul/2024:05:40:36 +0000] "GET /api/v1/notes HTTP/1.1" 401 38 "-" "PostmanRuntime/7.39.0"

info: ::1 - - [17/Jul/2024:05:41:26 +0000] "GET /api/v1/notes HTTP/1.1" 200 1548 "-" "PostmanRuntime/7.39.0"

