info: Server started at http://localhost:3007/api/v1/ {"timestamp":"2024-07-15T04:02:57.392Z"}
info: Connected to the database. {"timestamp":"2024-07-15T04:02:57.927Z"}
info: Server started at http://localhost:3007/api/v1/ {"timestamp":"2024-07-15T04:07:22.362Z"}
info: Connected to the database. {"timestamp":"2024-07-15T04:07:22.545Z"}
info: Server started at http://localhost:3007/api/v1/ {"timestamp":"2024-07-15T04:07:46.540Z"}
info: Connected to the database. {"timestamp":"2024-07-15T04:07:46.741Z"}
info: Server started at http://localhost:3007/api/v1/ {"timestamp":"2024-07-15T04:08:16.767Z"}
info: Connected to the database. {"timestamp":"2024-07-15T04:08:16.933Z"}
error: 
    status - 500 
    message - Error: Argument passed to findByPk is invalid: [object Object]
    at Function.findByPk (/home/user/User_Express_project/UserApiProject/node_modules/sequelize/src/model.js:1950:13)
    at _callee4$ (/home/user/User_Express_project/UserApiProject/src/services/user.service.js:81:32)
    at tryCatch (/home/user/User_Express_project/UserApiProject/node_modules/@babel/runtime/helpers/regeneratorRuntime.js:45:16)
    at Generator.<anonymous> (/home/user/User_Express_project/UserApiProject/node_modules/@babel/runtime/helpers/regeneratorRuntime.js:133:17)
    at Generator.next (/home/user/User_Express_project/UserApiProject/node_modules/@babel/runtime/helpers/regeneratorRuntime.js:74:21)
    at asyncGeneratorStep (/home/user/User_Express_project/UserApiProject/node_modules/@babel/runtime/helpers/asyncToGenerator.js:3:17)
    at _next (/home/user/User_Express_project/UserApiProject/node_modules/@babel/runtime/helpers/asyncToGenerator.js:17:9)
    at /home/user/User_Express_project/UserApiProject/node_modules/@babel/runtime/helpers/asyncToGenerator.js:22:7
    at new Promise (<anonymous>)
    at Object.<anonymous> (/home/user/User_Express_project/UserApiProject/node_modules/@babel/runtime/helpers/asyncToGenerator.js:14:12) 
    url - /api/v1/users/1 
    method - DELETE 
    IP - ::1
   {"timestamp":"2024-07-15T04:08:42.416Z"}
info: Server started at http://localhost:3007/api/v1/ {"timestamp":"2024-07-15T04:14:00.308Z"}
info: Connected to the database. {"timestamp":"2024-07-15T04:14:00.481Z"}
error: 
    status - 500 
    message - Error: Argument passed to findByPk is invalid: [object Object]
    at Function.findByPk (/home/user/User_Express_project/UserApiProject/node_modules/sequelize/src/model.js:1950:13)
    at _callee4$ (/home/user/User_Express_project/UserApiProject/src/services/user.service.js:81:32)
    at tryCatch (/home/user/User_Express_project/UserApiProject/node_modules/@babel/runtime/helpers/regeneratorRuntime.js:45:16)
    at Generator.<anonymous> (/home/user/User_Express_project/UserApiProject/node_modules/@babel/runtime/helpers/regeneratorRuntime.js:133:17)
    at Generator.next (/home/user/User_Express_project/UserApiProject/node_modules/@babel/runtime/helpers/regeneratorRuntime.js:74:21)
    at asyncGeneratorStep (/home/user/User_Express_project/UserApiProject/node_modules/@babel/runtime/helpers/asyncToGenerator.js:3:17)
    at _next (/home/user/User_Express_project/UserApiProject/node_modules/@babel/runtime/helpers/asyncToGenerator.js:17:9)
    at /home/user/User_Express_project/UserApiProject/node_modules/@babel/runtime/helpers/asyncToGenerator.js:22:7
    at new Promise (<anonymous>)
    at Object.<anonymous> (/home/user/User_Express_project/UserApiProject/node_modules/@babel/runtime/helpers/asyncToGenerator.js:14:12) 
    url - /api/v1/users/1 
    method - DELETE 
    IP - ::1
   {"timestamp":"2024-07-15T04:14:07.609Z"}
info: Server started at http://localhost:3007/api/v1/ {"timestamp":"2024-07-15T04:14:23.839Z"}
info: Connected to the database. {"timestamp":"2024-07-15T04:14:24.013Z"}
info: Connected to the database. {"timestamp":"2024-07-15T05:02:19.276Z"}
info: Connected to the database. {"timestamp":"2024-07-15T05:02:35.749Z"}
info: Connected to the database. {"timestamp":"2024-07-15T05:02:44.575Z"}
info: Connected to the database. {"timestamp":"2024-07-15T05:04:35.009Z"}
info: Connected to the database. {"timestamp":"2024-07-15T05:05:51.703Z"}
info: Connected to the database. {"timestamp":"2024-07-15T05:08:12.108Z"}
info: Connected to the database. {"timestamp":"2024-07-15T05:12:30.136Z"}
info: Connected to the database. {"timestamp":"2024-07-15T05:12:59.806Z"}
info: Connected to the database. {"timestamp":"2024-07-15T05:14:06.413Z"}
info: Connected to the database. {"timestamp":"2024-07-15T05:14:30.343Z"}
info: Connected to the database. {"timestamp":"2024-07-15T05:16:44.228Z"}
info: Connected to the database. {"timestamp":"2024-07-15T05:16:50.447Z"}
info: Connected to the database. {"timestamp":"2024-07-15T05:17:48.848Z"}
info: Connected to the database. {"timestamp":"2024-07-15T05:18:01.144Z"}
info: Connected to the database. {"timestamp":"2024-07-15T05:18:52.163Z"}
info: Connected to the database. {"timestamp":"2024-07-15T05:21:53.876Z"}
info: Connected to the database. {"timestamp":"2024-07-15T05:22:03.894Z"}
info: Connected to the database. {"timestamp":"2024-07-15T05:22:22.290Z"}
info: Server started at http://localhost:3007/api/v1/ {"timestamp":"2024-07-15T05:23:46.082Z"}
info: Connected to the database. {"timestamp":"2024-07-15T05:23:46.255Z"}
info: Server started at http://localhost:3007/api/v1/ {"timestamp":"2024-07-15T05:36:49.049Z"}
info: Connected to the database. {"timestamp":"2024-07-15T05:36:49.221Z"}
error: 
    status - 500 
    message - ReferenceError: data is not defined
    at _callee5$ (/home/user/User_Express_project/UserApiProject/src/controllers/user.controller.js:89:16)
    at tryCatch (/home/user/User_Express_project/UserApiProject/node_modules/@babel/runtime/helpers/regeneratorRuntime.js:45:16)
    at Generator.<anonymous> (/home/user/User_Express_project/UserApiProject/node_modules/@babel/runtime/helpers/regeneratorRuntime.js:133:17)
    at Generator.next (/home/user/User_Express_project/UserApiProject/node_modules/@babel/runtime/helpers/regeneratorRuntime.js:74:21)
    at asyncGeneratorStep (/home/user/User_Express_project/UserApiProject/node_modules/@babel/runtime/helpers/asyncToGenerator.js:3:17)
    at _next (/home/user/User_Express_project/UserApiProject/node_modules/@babel/runtime/helpers/asyncToGenerator.js:17:9)
    at processTicksAndRejections (internal/process/task_queues.js:97:5) 
    url - /api/v1/users/1 
    method - DELETE 
    IP - ::1
   {"timestamp":"2024-07-15T05:37:03.621Z"}
info: Server started at http://localhost:3007/api/v1/ {"timestamp":"2024-07-15T05:38:20.294Z"}
info: Connected to the database. {"timestamp":"2024-07-15T05:38:20.474Z"}
info: Server started at http://localhost:3007/api/v1/ {"timestamp":"2024-07-15T05:39:27.493Z"}
info: Connected to the database. {"timestamp":"2024-07-15T05:39:27.674Z"}
info: Server started at http://localhost:3007/api/v1/ {"timestamp":"2024-07-15T05:41:07.046Z"}
info: Connected to the database. {"timestamp":"2024-07-15T05:41:07.232Z"}
info: Server started at http://localhost:3007/api/v1/ {"timestamp":"2024-07-15T05:44:31.195Z"}
info: Connected to the database. {"timestamp":"2024-07-15T05:44:31.367Z"}
info: Server started at http://localhost:3007/api/v1/ {"timestamp":"2024-07-15T05:45:15.680Z"}
info: Connected to the database. {"timestamp":"2024-07-15T05:45:15.853Z"}
error: 
    status - 500 
    message - Error: 
    at Query.run (/home/user/User_Express_project/UserApiProject/node_modules/sequelize/src/dialects/postgres/query.js:76:25)
    at /home/user/User_Express_project/UserApiProject/node_modules/sequelize/src/sequelize.js:650:28
    at processTicksAndRejections (internal/process/task_queues.js:97:5)
    at PostgresQueryInterface.select (/home/user/User_Express_project/UserApiProject/node_modules/sequelize/src/dialects/abstract/query-interface.js:1001:12)
    at Function.findAll (/home/user/User_Express_project/UserApiProject/node_modules/sequelize/src/model.js:1824:21)
    at Function.findOne (/home/user/User_Express_project/UserApiProject/node_modules/sequelize/src/model.js:1998:12)
    at Function.findByPk (/home/user/User_Express_project/UserApiProject/node_modules/sequelize/src/model.js:1955:12) 
    url - /api/v1/users/Tom 
    method - GET 
    IP - ::1
   {"timestamp":"2024-07-15T05:45:51.719Z"}
info: Server started at http://localhost:3007/api/v1/ {"timestamp":"2024-07-15T05:47:53.031Z"}
info: Connected to the database. {"timestamp":"2024-07-15T05:47:53.200Z"}
error: 
    status - 500 
    message - Error: 
    at Query.run (/home/user/User_Express_project/UserApiProject/node_modules/sequelize/src/dialects/postgres/query.js:76:25)
    at /home/user/User_Express_project/UserApiProject/node_modules/sequelize/src/sequelize.js:650:28
    at processTicksAndRejections (internal/process/task_queues.js:97:5)
    at PostgresQueryInterface.select (/home/user/User_Express_project/UserApiProject/node_modules/sequelize/src/dialects/abstract/query-interface.js:1001:12)
    at Function.findAll (/home/user/User_Express_project/UserApiProject/node_modules/sequelize/src/model.js:1824:21)
    at Function.findOne (/home/user/User_Express_project/UserApiProject/node_modules/sequelize/src/model.js:1998:12)
    at Function.findByPk (/home/user/User_Express_project/UserApiProject/node_modules/sequelize/src/model.js:1955:12) 
    url - /api/v1/users/Tom 
    method - GET 
    IP - ::1
   {"timestamp":"2024-07-15T05:48:00.555Z"}
info: Server started at http://localhost:3007/api/v1/ {"timestamp":"2024-07-15T05:56:55.989Z"}
info: Connected to the database. {"timestamp":"2024-07-15T05:56:56.157Z"}
info: Server started at http://localhost:3007/api/v1/ {"timestamp":"2024-07-15T06:01:45.453Z"}
info: Connected to the database. {"timestamp":"2024-07-15T06:01:45.646Z"}
info: Server started at http://localhost:3007/api/v1/ {"timestamp":"2024-07-15T06:13:25.798Z"}
info: Connected to the database. {"timestamp":"2024-07-15T06:13:26.047Z"}
info: Server started at http://localhost:3007/api/v1/ {"timestamp":"2024-07-15T06:35:20.239Z"}
info: Connected to the database. {"timestamp":"2024-07-15T06:35:20.416Z"}
info: Connected to the database. {"timestamp":"2024-07-15T06:36:07.942Z"}
info: Connected to the database. {"timestamp":"2024-07-15T06:39:03.350Z"}
info: Connected to the database. {"timestamp":"2024-07-15T06:40:42.004Z"}
info: Connected to the database. {"timestamp":"2024-07-15T06:41:13.443Z"}
info: Connected to the database. {"timestamp":"2024-07-15T06:41:50.011Z"}
info: Server started at http://localhost:3007/api/v1/ {"timestamp":"2024-07-15T06:41:58.812Z"}
info: Connected to the database. {"timestamp":"2024-07-15T06:41:58.992Z"}
info: Server started at http://localhost:3007/api/v1/ {"timestamp":"2024-07-15T06:42:13.620Z"}
info: Connected to the database. {"timestamp":"2024-07-15T06:42:13.811Z"}
info: Server started at http://localhost:3007/api/v1/ {"timestamp":"2024-07-15T06:44:39.305Z"}
info: Connected to the database. {"timestamp":"2024-07-15T06:44:39.505Z"}
info: Server started at http://localhost:3007/api/v1/ {"timestamp":"2024-07-15T06:45:26.862Z"}
info: Connected to the database. {"timestamp":"2024-07-15T06:45:27.048Z"}
info: Server started at http://localhost:3007/api/v1/ {"timestamp":"2024-07-15T06:47:28.767Z"}
info: Connected to the database. {"timestamp":"2024-07-15T06:47:28.952Z"}
info: Server started at http://localhost:3007/api/v1/ {"timestamp":"2024-07-15T06:48:08.289Z"}
info: Connected to the database. {"timestamp":"2024-07-15T06:48:08.478Z"}
info: Server started at http://localhost:3007/api/v1/ {"timestamp":"2024-07-15T08:42:15.821Z"}
info: Connected to the database. {"timestamp":"2024-07-15T08:42:16.008Z"}
info: Server started at http://localhost:3007/api/v1/ {"timestamp":"2024-07-15T08:46:55.256Z"}
info: Connected to the database. {"timestamp":"2024-07-15T08:46:55.439Z"}
info: Server started at http://localhost:3007/api/v1/ {"timestamp":"2024-07-15T08:54:57.470Z"}
info: Connected to the database. {"timestamp":"2024-07-15T08:54:57.650Z"}
info: Server started at http://localhost:3007/api/v1/ {"timestamp":"2024-07-15T09:58:32.110Z"}
info: Connected to the database. {"timestamp":"2024-07-15T09:58:32.279Z"}
info: Server started at http://localhost:3007/api/v1/ {"timestamp":"2024-07-15T09:58:52.131Z"}
info: Connected to the database. {"timestamp":"2024-07-15T09:58:52.306Z"}
info: Server started at http://localhost:3007/api/v1/ {"timestamp":"2024-07-15T10:24:59.519Z"}
info: Connected to the database. {"timestamp":"2024-07-15T10:24:59.695Z"}
info: Server started at http://localhost:3007/api/v1/ {"timestamp":"2024-07-15T10:28:14.063Z"}
info: Connected to the database. {"timestamp":"2024-07-15T10:28:14.269Z"}
info: Server started at http://localhost:3007/api/v1/ {"timestamp":"2024-07-15T10:29:57.130Z"}
info: Connected to the database. {"timestamp":"2024-07-15T10:29:57.303Z"}
info: Server started at http://localhost:3007/api/v1/ {"timestamp":"2024-07-15T10:30:33.209Z"}
info: Connected to the database. {"timestamp":"2024-07-15T10:30:33.383Z"}
info: Server started at http://localhost:3007/api/v1/ {"timestamp":"2024-07-15T10:43:22.822Z"}
info: Connected to the database. {"timestamp":"2024-07-15T10:43:22.991Z"}
info: Server started at http://localhost:3007/api/v1/ {"timestamp":"2024-07-15T10:45:23.139Z"}
info: Connected to the database. {"timestamp":"2024-07-15T10:45:23.325Z"}
